<?xml version="1.0" encoding="UTF-8"?>
<coverage generated="1621209071776" clover="3.2.0">
  <project timestamp="1621209071777" name="All files">
    <metrics statements="14" coveredstatements="9" conditionals="6" coveredconditionals="2" methods="2" coveredmethods="2" elements="22" coveredelements="13" complexity="0" loc="14" ncloc="14" packages="1" files="1" classes="1"/>
    <file name="projectController.js" path="/home/lin/GitHub/prototype_vislit_vue/src/main/controllers/projectController.js">
      <metrics statements="14" coveredstatements="9" conditionals="6" coveredconditionals="2" methods="2" coveredmethods="2"/>
      <line num="10" count="1" type="stmt"/>
      <line num="11" count="1" type="stmt"/>
      <line num="15" count="1" type="stmt"/>
      <line num="17" count="1" type="stmt"/>
      <line num="19" count="1" type="cond" truecount="1" falsecount="1"/>
      <line num="23" count="0" type="stmt"/>
      <line num="27" count="1" type="cond" truecount="1" falsecount="1"/>
      <line num="28" count="1" type="stmt"/>
      <line num="30" count="1" type="stmt"/>
      <line num="31" count="1" type="stmt"/>
      <line num="34" count="0" type="stmt"/>
      <line num="41" count="0" type="cond" truecount="0" falsecount="2"/>
      <line num="42" count="0" type="stmt"/>
      <line num="44" count="0" type="stmt"/>
    </file>
  </project>
</coverage>
