{"/home/lin/GitHub/prototype_vislit_vue/src/main/controllers/projectController.js": {"path":"/home/lin/GitHub/prototype_vislit_vue/src/main/controllers/projectController.js","statementMap":{"0":{"start":{"line":10,"column":4},"end":{"line":10,"column":47}},"1":{"start":{"line":11,"column":4},"end":{"line":11,"column":45}},"2":{"start":{"line":15,"column":4},"end":{"line":46,"column":5}},"3":{"start":{"line":17,"column":23},"end":{"line":17,"column":65}},"4":{"start":{"line":19,"column":6},"end":{"line":24,"column":7}},"5":{"start":{"line":23,"column":8},"end":{"line":23,"column":24}},"6":{"start":{"line":27,"column":6},"end":{"line":39,"column":7}},"7":{"start":{"line":28,"column":8},"end":{"line":35,"column":9}},"8":{"start":{"line":30,"column":10},"end":{"line":30,"column":60}},"9":{"start":{"line":31,"column":10},"end":{"line":31,"column":26}},"10":{"start":{"line":34,"column":10},"end":{"line":34,"column":22}},"11":{"start":{"line":41,"column":6},"end":{"line":45,"column":7}},"12":{"start":{"line":42,"column":8},"end":{"line":42,"column":61}},"13":{"start":{"line":44,"column":8},"end":{"line":44,"column":21}}},"fnMap":{"0":{"name":"(anonymous_0)","decl":{"start":{"line":9,"column":2},"end":{"line":9,"column":3}},"loc":{"start":{"line":9,"column":51},"end":{"line":12,"column":3}},"line":9},"1":{"name":"(anonymous_1)","decl":{"start":{"line":14,"column":2},"end":{"line":14,"column":3}},"loc":{"start":{"line":14,"column":22},"end":{"line":47,"column":3}},"line":14}},"branchMap":{"0":{"loc":{"start":{"line":19,"column":6},"end":{"line":24,"column":7}},"type":"if","locations":[{"start":{"line":19,"column":6},"end":{"line":24,"column":7}},{"start":{"line":19,"column":6},"end":{"line":24,"column":7}}],"line":19},"1":{"loc":{"start":{"line":27,"column":6},"end":{"line":39,"column":7}},"type":"if","locations":[{"start":{"line":27,"column":6},"end":{"line":39,"column":7}},{"start":{"line":27,"column":6},"end":{"line":39,"column":7}}],"line":27},"2":{"loc":{"start":{"line":41,"column":6},"end":{"line":45,"column":7}},"type":"if","locations":[{"start":{"line":41,"column":6},"end":{"line":45,"column":7}},{"start":{"line":41,"column":6},"end":{"line":45,"column":7}}],"line":41}},"s":{"0":1,"1":1,"2":1,"3":1,"4":1,"5":0,"6":1,"7":1,"8":1,"9":1,"10":0,"11":0,"12":0,"13":0},"f":{"0":1,"1":1},"b":{"0":[0,1],"1":[1,0],"2":[0,0]},"_coverageSchema":"1a1c01bbd47fc00a2c39e90264f33305004495a9","hash":"a68f5ed2df8d3a64afde43aa60b68848523a4dad"}
}
